This is pdfTeX, Version 3.141592653-2.6-1.40.25 (TeX Live 2023) (preloaded format=pdflatex 2024.3.7)  11 MAY 2024 10:56
entering extended mode
 restricted \write18 enabled.
 file:line:error style messages enabled.
 %&-line parsing enabled.
**/Users/aloughli/Documents/exam-notes/fnlp-notes/fnlp.tex
(/Users/aloughli/Documents/exam-notes/fnlp-notes/fnlp.tex
LaTeX2e <2022-11-01> patch level 1
L3 programming layer <2023-02-22> (/usr/local/texlive/2023/texmf-dist/tex/latex/extsizes/extarticle.cls
Document Class: extarticle 1996/10/08 v1.0 Non Standard LaTeX document class
(/usr/local/texlive/2023/texmf-dist/tex/latex/extsizes/size8.clo
File: size8.clo 1999/11/11 v1.4a NON-Standard LaTeX file (size option)
) (/usr/local/texlive/2023/texmf-dist/tex/latex/base/exscale.sty
Package: exscale 2018/09/24 v2.1i Standard LaTeX package exscale
LaTeX Font Info:    Redeclaring symbol font `largesymbols' on input line 57.
LaTeX Font Info:    Overwriting symbol font `largesymbols' in version `normal'
(Font)                  OMX/cmex/m/n --> OMX/cmex/m/n on input line 57.
LaTeX Font Info:    Overwriting symbol font `largesymbols' in version `bold'
(Font)                  OMX/cmex/m/n --> OMX/cmex/m/n on input line 57.
\big@size=\dimen140
)
\c@part=\count185
\c@section=\count186
\c@subsection=\count187
\c@subsubsection=\count188
\c@paragraph=\count189
\c@subparagraph=\count190
\c@figure=\count191
\c@table=\count192
\abovecaptionskip=\skip48
\belowcaptionskip=\skip49
\bibindent=\dimen141
) (/usr/local/texlive/2023/texmf-dist/tex/latex/booktabs/booktabs.sty
Package: booktabs 2020/01/12 v1.61803398 Publication quality tables
\heavyrulewidth=\dimen142
\lightrulewidth=\dimen143
\cmidrulewidth=\dimen144
\belowrulesep=\dimen145
\belowbottomsep=\dimen146
\aboverulesep=\dimen147
\abovetopsep=\dimen148
\cmidrulesep=\dimen149
\cmidrulekern=\dimen150
\defaultaddspace=\dimen151
\@cmidla=\count193
\@cmidlb=\count194
\@aboverulesep=\dimen152
\@belowrulesep=\dimen153
\@thisruleclass=\count195
\@lastruleclass=\count196
\@thisrulewidth=\dimen154
) (/usr/local/texlive/2023/texmf-dist/tex/latex/base/fontenc.sty
Package: fontenc 2021/04/29 v2.0v Standard LaTeX package
) (/usr/local/texlive/2023/texmf-dist/tex/latex/base/inputenc.sty
Package: inputenc 2021/02/14 v1.3d Input encoding file
\inpenc@prehook=\toks16
\inpenc@posthook=\toks17
) (/usr/local/texlive/2023/texmf-dist/tex/latex/blindtext/blindtext.sty
Package: blindtext 2012/01/06 V2.0 blindtext-Package
 (/usr/local/texlive/2023/texmf-dist/tex/latex/tools/xspace.sty
Package: xspace 2014/10/28 v1.13 Space after command names (DPC,MH)
)
\c@blindtext=\count197
\c@Blindtext=\count198
\c@blind@countparstart=\count199
\blind@countxx=\count266
\blindtext@numBlindtext=\count267
\blind@countyy=\count268
\c@blindlist=\count269
\c@blindlistlevel=\count270
\c@blindlist@level=\count271
\blind@listitem=\count272
\c@blind@listcount=\count273
\c@blind@levelcount=\count274
\blind@mathformula=\count275
\blind@Mathformula=\count276
\c@blind@randomcount=\count277
\c@blind@randommax=\count278
\c@blind@pangramcount=\count279
\c@blind@pangrammax=\count280
) (/usr/local/texlive/2023/texmf-dist/tex/latex/tools/multicol.sty
Package: multicol 2021/11/30 v1.9d multicolumn formatting (FMi)
\c@tracingmulticols=\count281
\mult@box=\box51
\multicol@leftmargin=\dimen155
\c@unbalance=\count282
\c@collectmore=\count283
\doublecol@number=\count284
\multicoltolerance=\count285
\multicolpretolerance=\count286
\full@width=\dimen156
\page@free=\dimen157
\premulticols=\dimen158
\postmulticols=\dimen159
\multicolsep=\skip50
\multicolbaselineskip=\skip51
\partial@page=\box52
\last@line=\box53
\maxbalancingoverflow=\dimen160
\mult@rightbox=\box54
\mult@grightbox=\box55
\mult@firstbox=\box56
\mult@gfirstbox=\box57
\@tempa=\box58
\@tempa=\box59
\@tempa=\box60
\@tempa=\box61
\@tempa=\box62
\@tempa=\box63
\@tempa=\box64
\@tempa=\box65
\@tempa=\box66
\@tempa=\box67
\@tempa=\box68
\@tempa=\box69
\@tempa=\box70
\@tempa=\box71
\@tempa=\box72
\@tempa=\box73
\@tempa=\box74
\@tempa=\box75
\@tempa=\box76
\@tempa=\box77
\@tempa=\box78
\@tempa=\box79
\@tempa=\box80
\@tempa=\box81
\@tempa=\box82
\@tempa=\box83
\@tempa=\box84
\@tempa=\box85
\@tempa=\box86
\@tempa=\box87
\@tempa=\box88
\@tempa=\box89
\@tempa=\box90
\@tempa=\box91
\@tempa=\box92
\@tempa=\box93
\c@minrows=\count287
\c@columnbadness=\count288
\c@finalcolumnbadness=\count289
\last@try=\dimen161
\multicolovershoot=\dimen162
\multicolundershoot=\dimen163
\mult@nat@firstbox=\box94
\colbreak@box=\box95
\mc@col@check@num=\count290
) (/usr/local/texlive/2023/texmf-dist/tex/latex/amsmath/amsmath.sty
Package: amsmath 2022/04/08 v2.17n AMS math features
\@mathmargin=\skip52

For additional information on amsmath, use the `?' option.
(/usr/local/texlive/2023/texmf-dist/tex/latex/amsmath/amstext.sty
Package: amstext 2021/08/26 v2.01 AMS text
 (/usr/local/texlive/2023/texmf-dist/tex/latex/amsmath/amsgen.sty
File: amsgen.sty 1999/11/30 v2.0 generic functions
\@emptytoks=\toks18
\ex@=\dimen164
)) (/usr/local/texlive/2023/texmf-dist/tex/latex/amsmath/amsbsy.sty
Package: amsbsy 1999/11/29 v1.2d Bold Symbols
\pmbraise@=\dimen165
) (/usr/local/texlive/2023/texmf-dist/tex/latex/amsmath/amsopn.sty
Package: amsopn 2022/04/08 v2.04 operator names
)
\inf@bad=\count291
LaTeX Info: Redefining \frac on input line 234.
\uproot@=\count292
\leftroot@=\count293
LaTeX Info: Redefining \overline on input line 399.
LaTeX Info: Redefining \colon on input line 410.
\classnum@=\count294
\DOTSCASE@=\count295
LaTeX Info: Redefining \ldots on input line 496.
LaTeX Info: Redefining \dots on input line 499.
LaTeX Info: Redefining \cdots on input line 620.
\Mathstrutbox@=\box96
\strutbox@=\box97
LaTeX Info: Redefining \big on input line 722.
LaTeX Info: Redefining \Big on input line 723.
LaTeX Info: Redefining \bigg on input line 724.
LaTeX Info: Redefining \Bigg on input line 725.
\big@size=\dimen166
LaTeX Font Info:    Redeclaring font encoding OML on input line 743.
LaTeX Font Info:    Redeclaring font encoding OMS on input line 744.
\macc@depth=\count296
LaTeX Info: Redefining \bmod on input line 905.
LaTeX Info: Redefining \pmod on input line 910.
LaTeX Info: Redefining \smash on input line 940.
LaTeX Info: Redefining \relbar on input line 970.
LaTeX Info: Redefining \Relbar on input line 971.
\c@MaxMatrixCols=\count297
\dotsspace@=\muskip16
\c@parentequation=\count298
\dspbrk@lvl=\count299
\tag@help=\toks19
\row@=\count300
\column@=\count301
\maxfields@=\count302
\andhelp@=\toks20
\eqnshift@=\dimen167
\alignsep@=\dimen168
\tagshift@=\dimen169
\tagwidth@=\dimen170
\totwidth@=\dimen171
\lineht@=\dimen172
\@envbody=\toks21
\multlinegap=\skip53
\multlinetaggap=\skip54
\mathdisplay@stack=\toks22
LaTeX Info: Redefining \[ on input line 2953.
LaTeX Info: Redefining \] on input line 2954.
) (/usr/local/texlive/2023/texmf-dist/tex/latex/geometry/geometry.sty
Package: geometry 2020/01/02 v5.9 Page Geometry
 (/usr/local/texlive/2023/texmf-dist/tex/latex/graphics/keyval.sty
Package: keyval 2022/05/29 v1.15 key=value parser (DPC)
\KV@toks@=\toks23
) (/usr/local/texlive/2023/texmf-dist/tex/generic/iftex/ifvtex.sty
Package: ifvtex 2019/10/25 v1.7 ifvtex legacy package. Use iftex instead.
 (/usr/local/texlive/2023/texmf-dist/tex/generic/iftex/iftex.sty
Package: iftex 2022/02/03 v1.0f TeX engine tests
))
\Gm@cnth=\count303
\Gm@cntv=\count304
\c@Gm@tempcnt=\count305
\Gm@bindingoffset=\dimen173
\Gm@wd@mp=\dimen174
\Gm@odd@mp=\dimen175
\Gm@even@mp=\dimen176
\Gm@layoutwidth=\dimen177
\Gm@layoutheight=\dimen178
\Gm@layouthoffset=\dimen179
\Gm@layoutvoffset=\dimen180
\Gm@dimlist=\toks24
) (/usr/local/texlive/2023/texmf-dist/tex/latex/amsfonts/amssymb.sty
Package: amssymb 2013/01/14 v3.01 AMS font symbols
 (/usr/local/texlive/2023/texmf-dist/tex/latex/amsfonts/amsfonts.sty
Package: amsfonts 2013/01/14 v3.01 Basic AMSFonts support
\symAMSa=\mathgroup4
\symAMSb=\mathgroup5
LaTeX Font Info:    Redeclaring math symbol \hbar on input line 98.
LaTeX Font Info:    Overwriting math alphabet `\mathfrak' in version `bold'
(Font)                  U/euf/m/n --> U/euf/b/n on input line 106.
)) (/usr/local/texlive/2023/texmf-dist/tex/latex/mathtools/mathtools.sty
Package: mathtools 2022/06/29 v1.29 mathematical typesetting tools
 (/usr/local/texlive/2023/texmf-dist/tex/latex/tools/calc.sty
Package: calc 2017/05/25 v4.3 Infix arithmetic (KKT,FJ)
\calc@Acount=\count306
\calc@Bcount=\count307
\calc@Adimen=\dimen181
\calc@Bdimen=\dimen182
\calc@Askip=\skip55
\calc@Bskip=\skip56
LaTeX Info: Redefining \setlength on input line 80.
LaTeX Info: Redefining \addtolength on input line 81.
\calc@Ccount=\count308
\calc@Cskip=\skip57
) (/usr/local/texlive/2023/texmf-dist/tex/latex/mathtools/mhsetup.sty
Package: mhsetup 2021/03/18 v1.4 programming setup (MH)
)
\g_MT_multlinerow_int=\count309
\l_MT_multwidth_dim=\dimen183
\origjot=\skip58
\l_MT_shortvdotswithinadjustabove_dim=\dimen184
\l_MT_shortvdotswithinadjustbelow_dim=\dimen185
\l_MT_above_intertext_sep=\dimen186
\l_MT_below_intertext_sep=\dimen187
\l_MT_above_shortintertext_sep=\dimen188
\l_MT_below_shortintertext_sep=\dimen189
\xmathstrut@box=\box98
\xmathstrut@dim=\dimen190
) (/usr/local/texlive/2023/texmf-dist/tex/latex/graphics/graphicx.sty
Package: graphicx 2021/09/16 v1.2d Enhanced LaTeX Graphics (DPC,SPQR)
 (/usr/local/texlive/2023/texmf-dist/tex/latex/graphics/graphics.sty
Package: graphics 2022/03/10 v1.4e Standard LaTeX Graphics (DPC,SPQR)
 (/usr/local/texlive/2023/texmf-dist/tex/latex/graphics/trig.sty
Package: trig 2021/08/11 v1.11 sin cos tan (DPC)
) (/usr/local/texlive/2023/texmf-dist/tex/latex/graphics-cfg/graphics.cfg
File: graphics.cfg 2016/06/04 v1.11 sample graphics configuration
)
Package graphics Info: Driver file: pdftex.def on input line 107.
 (/usr/local/texlive/2023/texmf-dist/tex/latex/graphics-def/pdftex.def
File: pdftex.def 2022/09/22 v1.2b Graphics/color driver for pdftex
))
\Gin@req@height=\dimen191
\Gin@req@width=\dimen192
) (/usr/local/texlive/2023/texmf-dist/tex/latex/enumitem/enumitem.sty
Package: enumitem 2019/06/20 v3.9 Customized lists
\labelindent=\skip59
\enit@outerparindent=\dimen193
\enit@toks=\toks25
\enit@inbox=\box99
\enit@count@id=\count310
\enitdp@description=\count311
) (/usr/local/texlive/2023/texmf-dist/tex/latex/titlesec/titlesec.sty
Package: titlesec 2021/07/05 v2.14 Sectioning titles
\ttl@box=\box100
\beforetitleunit=\skip60
\aftertitleunit=\skip61
\ttl@plus=\dimen194
\ttl@minus=\dimen195
\ttl@toksa=\toks26
\titlewidth=\dimen196
\titlewidthlast=\dimen197
\titlewidthfirst=\dimen198
) (/usr/local/texlive/2023/texmf-dist/tex/latex/setspace/setspace.sty
Package: setspace 2022/12/04 v6.7b set line spacing
) (/usr/local/texlive/2023/texmf-dist/tex/latex/parskip/parskip.sty
Package: parskip 2021-03-14 v2.0h non-zero parskip adjustments
 (/usr/local/texlive/2023/texmf-dist/tex/latex/kvoptions/kvoptions.sty
Package: kvoptions 2022-06-15 v3.15 Key value format for package options (HO)
 (/usr/local/texlive/2023/texmf-dist/tex/generic/ltxcmds/ltxcmds.sty
Package: ltxcmds 2020-05-10 v1.25 LaTeX kernel commands for general use (HO)
) (/usr/local/texlive/2023/texmf-dist/tex/latex/kvsetkeys/kvsetkeys.sty
Package: kvsetkeys 2022-10-05 v1.19 Key value parser (HO)
)) (/usr/local/texlive/2023/texmf-dist/tex/latex/etoolbox/etoolbox.sty
Package: etoolbox 2020/10/05 v2.5k e-TeX tools for LaTeX (JAW)
\etb@tempcnta=\count312
)) (/usr/local/texlive/2023/texmf-dist/tex/latex/l3backend/l3backend-pdftex.def
File: l3backend-pdftex.def 2023-01-16 L3 backend support: PDF output (pdfTeX)
\l__color_backend_stack_int=\count313
\l__pdf_internal_box=\box101
) (./fnlp.aux)
\openout1 = `fnlp.aux'.

LaTeX Font Info:    Checking defaults for OML/cmm/m/it on input line 42.
LaTeX Font Info:    ... okay on input line 42.
LaTeX Font Info:    Checking defaults for OMS/cmsy/m/n on input line 42.
LaTeX Font Info:    ... okay on input line 42.
LaTeX Font Info:    Checking defaults for OT1/cmr/m/n on input line 42.
LaTeX Font Info:    ... okay on input line 42.
LaTeX Font Info:    Checking defaults for T1/cmr/m/n on input line 42.
LaTeX Font Info:    ... okay on input line 42.
LaTeX Font Info:    Checking defaults for TS1/cmr/m/n on input line 42.
LaTeX Font Info:    ... okay on input line 42.
LaTeX Font Info:    Checking defaults for OMX/cmex/m/n on input line 42.
LaTeX Font Info:    ... okay on input line 42.
LaTeX Font Info:    Checking defaults for U/cmr/m/n on input line 42.
LaTeX Font Info:    ... okay on input line 42.

*geometry* driver: auto-detecting
*geometry* detected driver: pdftex
*geometry* verbose mode - [ preamble ] result:
* driver: pdftex
* paper: <default>
* layout: <same size as paper>
* layoutoffset:(h,v)=(0.0pt,0.0pt)
* modes: 
* h-part:(L,W,R)=(14.22636pt, 585.84227pt, 14.22636pt)
* v-part:(T,H,B)=(14.22636pt, 766.51726pt, 14.22636pt)
* \paperwidth=614.295pt
* \paperheight=794.96999pt
* \textwidth=585.84227pt
* \textheight=766.51726pt
* \oddsidemargin=-58.04362pt
* \evensidemargin=-58.04362pt
* \topmargin=-95.04362pt
* \headheight=12.0pt
* \headsep=25.0pt
* \topskip=9.0pt
* \footskip=30.0pt
* \marginparwidth=74.0pt
* \marginparsep=10.0pt
* \columnsep=10.0pt
* \skip\footins=7.0pt plus 4.0pt minus 2.0pt
* \hoffset=0.0pt
* \voffset=0.0pt
* \mag=1000
* \@twocolumnfalse
* \@twosidefalse
* \@mparswitchfalse
* \@reversemarginfalse
* (1in=72.27pt=25.4mm, 1cm=28.453pt)

(/usr/local/texlive/2023/texmf-dist/tex/context/base/mkii/supp-pdf.mkii
[Loading MPS to PDF converter (version 2006.09.02).]
\scratchcounter=\count314
\scratchdimen=\dimen199
\scratchbox=\box102
\nofMPsegments=\count315
\nofMParguments=\count316
\everyMPshowfont=\toks27
\MPscratchCnt=\count317
\MPscratchDim=\dimen256
\MPnumerator=\count318
\makeMPintoPDFobject=\count319
\everyMPtoPDFconversion=\toks28
) (/usr/local/texlive/2023/texmf-dist/tex/latex/epstopdf-pkg/epstopdf-base.sty
Package: epstopdf-base 2020-01-24 v2.11 Base part for package epstopdf
Package epstopdf-base Info: Redefining graphics rule for `.eps' on input line 485.
 (/usr/local/texlive/2023/texmf-dist/tex/latex/latexconfig/epstopdf-sys.cfg
File: epstopdf-sys.cfg 2010/07/13 v1.3 Configuration of (r)epstopdf for TeX Live
))
Underfull \hbox (badness 10000) in paragraph at lines 54--55

 []

LaTeX Font Info:    Trying to load font information for U+msa on input line 56.
(/usr/local/texlive/2023/texmf-dist/tex/latex/amsfonts/umsa.fd
File: umsa.fd 2013/01/14 v3.01 AMS symbols A
)
LaTeX Font Info:    Trying to load font information for U+msb on input line 56.
 (/usr/local/texlive/2023/texmf-dist/tex/latex/amsfonts/umsb.fd
File: umsb.fd 2013/01/14 v3.01 AMS symbols B
)
Underfull \hbox (badness 10000) in paragraph at lines 63--65

 []

<media/girl.png, id=1, 859.21pt x 408.52625pt>
File: media/girl.png Graphic file (type png)
<use media/girl.png>
Package pdftex.def Info: media/girl.png  used on input line 69.
(pdftex.def)             Requested size: 175.75446pt x 83.56142pt.
<media/markovisation.png, id=3, 536.0025pt x 460.72125pt>
File: media/markovisation.png Graphic file (type png)
<use media/markovisation.png>
Package pdftex.def Info: media/markovisation.png  used on input line 156.
(pdftex.def)             Requested size: 175.75446pt x 151.06833pt.
<media/lexicalisation.png, id=5, 647.41875pt x 371.3875pt>
File: media/lexicalisation.png Graphic file (type png)
<use media/lexicalisation.png>
Package pdftex.def Info: media/lexicalisation.png  used on input line 163.
(pdftex.def)             Requested size: 117.16666pt x 67.20953pt.
<media/collapse.png, id=6, 334.24875pt x 195.73125pt>
File: media/collapse.png Graphic file (type png)
<use media/collapse.png>
Package pdftex.def Info: media/collapse.png  used on input line 166.
(pdftex.def)             Requested size: 58.5878pt x 34.30724pt.
<media/dependency-projective.png, id=7, 656.4525pt x 188.705pt>
File: media/dependency-projective.png Graphic file (type png)
<use media/dependency-projective.png>
Package pdftex.def Info: media/dependency-projective.png  used on input line 191.
(pdftex.def)             Requested size: 175.75446pt x 50.52199pt.
<media/dependency-non-projecitve.png, id=8, 661.47125pt x 185.69376pt>
File: media/dependency-non-projecitve.png Graphic file (type png)
<use media/dependency-non-projecitve.png>
Package pdftex.def Info: media/dependency-non-projecitve.png  used on input line 195.
(pdftex.def)             Requested size: 175.75446pt x 49.33894pt.
<media/dependency-parse.png, id=9, 1684.2925pt x 1022.82124pt>
File: media/dependency-parse.png Graphic file (type png)
<use media/dependency-parse.png>
Package pdftex.def Info: media/dependency-parse.png  used on input line 200.
(pdftex.def)             Requested size: 175.75446pt x 106.72049pt.
<media/shift-reduce.png, id=10, 184.69pt x 57.21375pt>
File: media/shift-reduce.png Graphic file (type png)
<use media/shift-reduce.png>
Package pdftex.def Info: media/shift-reduce.png  used on input line 214.
(pdftex.def)             Requested size: 175.75446pt x 54.44614pt.
<media/semantic-grammar.png, id=11, 627.34375pt x 370.38374pt>
File: media/semantic-grammar.png Graphic file (type png)
<use media/semantic-grammar.png>
Package pdftex.def Info: media/semantic-grammar.png  used on input line 226.
(pdftex.def)             Requested size: 175.75446pt x 103.76324pt.
<media/semantic-tree.png, id=12, 902.37125pt x 529.98pt>
File: media/semantic-tree.png Graphic file (type png)
<use media/semantic-tree.png>
Package pdftex.def Info: media/semantic-tree.png  used on input line 229.
(pdftex.def)             Requested size: 175.75446pt x 103.22032pt.
[1

{/usr/local/texlive/2023/texmf-var/fonts/map/pdftex/updmap/pdftex.map}{/usr/local/texlive/2023/texmf-dist/fonts/enc/dvips/cm-super/cm-super-t1.enc}{/usr/local/texlive/2023/texmf-dist/fonts/enc/dvips/cm-super/cm-super-ts1.enc} <./media/girl.png> <./media/lexicalisation.png> <./media/collapse.png> <./media/dependency-projective.png> <./media/dependency-non-projecitve.png> <./media/dependency-parse.png> <./media/shift-reduce.png> <./media/semantic-grammar.png> <./media/semantic-tree.png> <./media/markovisation.png>]
Underfull \hbox (badness 10000) in paragraph at lines 244--245

 []


Underfull \hbox (badness 10000) in paragraph at lines 261--263

 []


Underfull \hbox (badness 10000) in paragraph at lines 289--290

 []


Underfull \hbox (badness 10000) in paragraph at lines 294--295

 []


Underfull \hbox (badness 10000) in paragraph at lines 304--305
[]\T1/cmr/m/n/8 Morphologically rich lan-guages of-ten
 []


Underfull \hbox (badness 10000) in paragraph at lines 304--305
\T1/cmr/m/n/8 have com-pound mor-phosyn-tac-tic tags
 []

<media/noisy-channel.png, id=44, 936.49875pt x 182.6825pt>
File: media/noisy-channel.png Graphic file (type png)
<use media/noisy-channel.png>
Package pdftex.def Info: media/noisy-channel.png  used on input line 310.
(pdftex.def)             Requested size: 175.75446pt x 34.28354pt.

Underfull \hbox (badness 10000) in paragraph at lines 318--324
\T1/cmr/m/n/8 Formally we want to cal-cu-late
 []


Underfull \hbox (badness 10000) in paragraph at lines 343--346

 []

<media/edit.jpg, id=45, 2162.0775pt x 1207.51125pt>
File: media/edit.jpg Graphic file (type jpg)
<use media/edit.jpg>
Package pdftex.def Info: media/edit.jpg  used on input line 350.
(pdftex.def)             Requested size: 175.75446pt x 98.15057pt.

Underfull \hbox (badness 10000) in paragraph at lines 370--371

 []

<media/nn-lm.png, id=46, 966.61125pt x 453.695pt>
File: media/nn-lm.png Graphic file (type png)
<use media/nn-lm.png>
Package pdftex.def Info: media/nn-lm.png  used on input line 420.
(pdftex.def)             Requested size: 175.75446pt x 82.49231pt.
[2 <./media/noisy-channel.png> <./media/edit.jpg> <./media/nn-lm.png>]
Underfull \hbox (badness 10000) in paragraph at lines 425--427

 []

<media/diversity.png, id=54, 729.72626pt x 172.645pt>
File: media/diversity.png Graphic file (type png)
<use media/diversity.png>
Package pdftex.def Info: media/diversity.png  used on input line 434.
(pdftex.def)             Requested size: 175.75446pt x 41.58052pt.
<media/confusion-matrix.png, id=55, 369.38pt x 191.71625pt>
File: media/confusion-matrix.png Graphic file (type png)
<use media/confusion-matrix.png>
Package pdftex.def Info: media/confusion-matrix.png  used on input line 451.
(pdftex.def)             Requested size: 175.75446pt x 91.22119pt.
<media/micromacro-averaging.png, id=56, 799.48688pt x 285.065pt>
File: media/micromacro-averaging.png Graphic file (type png)
<use media/micromacro-averaging.png>
Package pdftex.def Info: media/micromacro-averaging.png  used on input line 455.
(pdftex.def)             Requested size: 175.75446pt x 62.66664pt.

Underfull \hbox (badness 10000) in paragraph at lines 472--473

 []

<media/bracket-score.png, id=57, 681.54625pt x 238.8925pt>
File: media/bracket-score.png Graphic file (type png)
<use media/bracket-score.png>
Package pdftex.def Info: media/bracket-score.png  used on input line 476.
(pdftex.def)             Requested size: 175.75446pt x 61.6039pt.

Underfull \hbox (badness 10000) in paragraph at lines 481--487

 []


Underfull \hbox (badness 10000) in paragraph at lines 490--492

 []


Underfull \hbox (badness 10000) in paragraph at lines 497--500

 []


Underfull \hbox (badness 10000) in paragraph at lines 510--512

 []


Overfull \hbox (8.6277pt too wide) detected at line 530
\OML/cmm/m/it/8 P [] \OMS/cmsy/m/n/8 ^^Y \OML/cmm/m/it/8 P [] P [] [] P []
 []


Underfull \hbox (badness 10000) in paragraph at lines 534--535

 []


Underfull \hbox (badness 10000) in paragraph at lines 536--540

 []


Underfull \hbox (badness 10000) in paragraph at lines 553--555

 []


Underfull \hbox (badness 10000) in paragraph at lines 556--559

 []


Underfull \hbox (badness 10000) in paragraph at lines 571--573

 []


Underfull \hbox (badness 10000) in paragraph at lines 574--576

 []

<media/nn-classifier.png, id=58, 500.87125pt x 132.495pt>
File: media/nn-classifier.png Graphic file (type png)
<use media/nn-classifier.png>
Package pdftex.def Info: media/nn-classifier.png  used on input line 590.
(pdftex.def)             Requested size: 205.04836pt x 54.2404pt.

Overfull \hbox (16.43427pt too wide) in paragraph at lines 588--592
[]
 []

[3 <./media/diversity.png> <./media/confusion-matrix.png> <./media/micromacro-averaging.png> <./media/bracket-score.png> <./media/nn-classifier.png>]
<media/rnn-cell.png, id=68, 236.885pt x 181.67876pt>
File: media/rnn-cell.png Graphic file (type png)
<use media/rnn-cell.png>
Package pdftex.def Info: media/rnn-cell.png  used on input line 602.
(pdftex.def)             Requested size: 87.87276pt x 67.39195pt.

Underfull \hbox (badness 10000) in paragraph at lines 604--606

 []

<media/vanilla-rnn.png, id=70, 433.62pt x 194.7275pt>
File: media/vanilla-rnn.png Graphic file (type png)
<use media/vanilla-rnn.png>
Package pdftex.def Info: media/vanilla-rnn.png  used on input line 610.
(pdftex.def)             Requested size: 146.46056pt x 65.77264pt.

Underfull \hbox (badness 10000) in paragraph at lines 612--613

 []


Underfull \hbox (badness 10000) in paragraph at lines 614--616

 []

<media/multi-layer.png, id=72, 462.72874pt x 352.31625pt>
File: media/multi-layer.png Graphic file (type png)
<use media/multi-layer.png>
Package pdftex.def Info: media/multi-layer.png  used on input line 619.
(pdftex.def)             Requested size: 146.46056pt x 111.51242pt.

Underfull \hbox (badness 10000) in paragraph at lines 621--622

 []


Underfull \hbox (badness 10000) in paragraph at lines 623--625

 []

<media/bi-directional.png, id=74, 914.41624pt x 496.85625pt>
File: media/bi-directional.png Graphic file (type png)
<use media/bi-directional.png>
Package pdftex.def Info: media/bi-directional.png  used on input line 628.
(pdftex.def)             Requested size: 146.46056pt x 79.57443pt.

Underfull \hbox (badness 10000) in paragraph at lines 636--637

 []


Underfull \hbox (badness 10000) in paragraph at lines 638--639

 []

<media/conv-net1.png, id=76, 564.1075pt x 336.25626pt>
File: media/conv-net1.png Graphic file (type png)
<use media/conv-net1.png>
Package pdftex.def Info: media/conv-net1.png  used on input line 640.
(pdftex.def)             Requested size: 140.60536pt x 83.81244pt.

Underfull \hbox (badness 10000) in paragraph at lines 642--645

 []

Missing character: There is no d in font msbm10!

Underfull \hbox (badness 10000) in paragraph at lines 647--649

 []


Underfull \hbox (badness 10000) in paragraph at lines 659--660

 []

<media/multiple-kers.png, id=78, 963.6pt x 477.785pt>
File: media/multiple-kers.png Graphic file (type png)
<use media/multiple-kers.png>
Package pdftex.def Info: media/multiple-kers.png  used on input line 664.
(pdftex.def)             Requested size: 146.46056pt x 72.61969pt.
<media/multiple-layers.png, id=80, 956.57375pt x 243.91125pt>
File: media/multiple-layers.png Graphic file (type png)
<use media/multiple-layers.png>
Package pdftex.def Info: media/multiple-layers.png  used on input line 668.
(pdftex.def)             Requested size: 146.46056pt x 37.34435pt.

Underfull \hbox (badness 10000) in paragraph at lines 710--711

 []


Underfull \hbox (badness 10000) in paragraph at lines 718--722

 []


Underfull \hbox (badness 10000) in paragraph at lines 724--726

 []


Underfull \hbox (badness 10000) in paragraph at lines 727--727
|\T1/cmr/bx/n/8 Positive Point-wise Mu-tual In-for-ma-tion
 []


Underfull \hbox (badness 10000) in paragraph at lines 728--731

 []


Underfull \hbox (badness 10000) in paragraph at lines 732--738

 []

<media/skipgram.png, id=82, 412.54124pt x 179.67125pt>
File: media/skipgram.png Graphic file (type png)
<use media/skipgram.png>
Package pdftex.def Info: media/skipgram.png  used on input line 746.
(pdftex.def)             Requested size: 175.75446pt x 76.54431pt.
<media/skigram-loss.png, id=83, 688.5725pt x 163.61125pt>
File: media/skigram-loss.png Graphic file (type png)
<use media/skigram-loss.png>
Package pdftex.def Info: media/skigram-loss.png  used on input line 757.
(pdftex.def)             Requested size: 205.04836pt x 48.72176pt.

Overfull \hbox (16.43427pt too wide) in paragraph at lines 755--758
[] 
 []


Underfull \hbox (badness 10000) in paragraph at lines 759--765

 []

[4 <./media/skipgram.png> <./media/rnn-cell.png> <./media/vanilla-rnn.png> <./media/multi-layer.png> <./media/bi-directional.png> <./media/conv-net1.png> <./media/multiple-kers.png> <./media/multiple-layers.png>]
<media/loss-word-context.png, id=103, 707.64375pt x 71.26625pt>
File: media/loss-word-context.png Graphic file (type png)
<use media/loss-word-context.png>
Package pdftex.def Info: media/loss-word-context.png  used on input line 769.
(pdftex.def)             Requested size: 193.32901pt x 19.4694pt.

Overfull \hbox (4.71492pt too wide) in paragraph at lines 767--770
[] 
 []


Underfull \hbox (badness 10000) in paragraph at lines 771--774

 []


Underfull \hbox (badness 10000) in paragraph at lines 775--776

 []

<media/negative-sampling-loss.png, id=104, 488.82625pt x 64.24pt>
File: media/negative-sampling-loss.png Graphic file (type png)
<use media/negative-sampling-loss.png>
Package pdftex.def Info: media/negative-sampling-loss.png  used on input line 779.
(pdftex.def)             Requested size: 193.32901pt x 25.40637pt.

Overfull \hbox (4.71492pt too wide) in paragraph at lines 777--780
[] 
 []


Underfull \hbox (badness 10000) in paragraph at lines 784--788

 []


Underfull \hbox (badness 10000) in paragraph at lines 792--796

 []


Underfull \hbox (badness 10000) in paragraph at lines 797--798

 []

<media/seq2seqrnn.png, id=105, 959.585pt x 344.28625pt>
File: media/seq2seqrnn.png Graphic file (type png)
<use media/seq2seqrnn.png>
Package pdftex.def Info: media/seq2seqrnn.png  used on input line 801.
(pdftex.def)             Requested size: 175.75446pt x 63.05629pt.

Underfull \hbox (badness 10000) in paragraph at lines 806--809

 []


Underfull \hbox (badness 10000) in paragraph at lines 810--812

 []

<media/beam-search.png, id=106, 885.3075pt x 276.03125pt>
File: media/beam-search.png Graphic file (type png)
<use media/beam-search.png>
Package pdftex.def Info: media/beam-search.png  used on input line 816.
(pdftex.def)             Requested size: 175.75446pt x 54.7967pt.
<media/attention.png, id=107, 1147.28625pt x 660.4675pt>
File: media/attention.png Graphic file (type png)
<use media/attention.png>
Package pdftex.def Info: media/attention.png  used on input line 839.
(pdftex.def)             Requested size: 187.47382pt x 107.92433pt.
<media/comp-attention.png, id=108, 1016.79875pt x 214.8025pt>
File: media/comp-attention.png Graphic file (type png)
<use media/comp-attention.png>
Package pdftex.def Info: media/comp-attention.png  used on input line 843.
(pdftex.def)             Requested size: 187.47382pt x 39.60345pt.

Underfull \hbox (badness 10000) in paragraph at lines 849--850

 []

<media/attention-eq.png, id=109, 640.3925pt x 203.76125pt>
File: media/attention-eq.png Graphic file (type png)
<use media/attention-eq.png>
Package pdftex.def Info: media/attention-eq.png  used on input line 854.
(pdftex.def)             Requested size: 205.04836pt x 65.24223pt.

Overfull \hbox (16.43427pt too wide) in paragraph at lines 854--855
 [] 
 []

<media/key-query-value.png, id=110, 649.42625pt x 415.5525pt>
File: media/key-query-value.png Graphic file (type png)
<use media/key-query-value.png>
Package pdftex.def Info: media/key-query-value.png  used on input line 860.
(pdftex.def)             Requested size: 205.04836pt x 131.20409pt.

Overfull \hbox (16.43427pt too wide) in paragraph at lines 860--861
 [] 
 []


Underfull \hbox (badness 10000) in paragraph at lines 863--865

 []

<media/transformer.png, id=111, 774.895pt x 418.56375pt>
File: media/transformer.png Graphic file (type png)
<use media/transformer.png>
Package pdftex.def Info: media/transformer.png  used on input line 875.
(pdftex.def)             Requested size: 205.04836pt x 110.7528pt.

Overfull \hbox (16.43427pt too wide) in paragraph at lines 875--876
 [] 
 []

[5 <./media/skigram-loss.png> <./media/loss-word-context.png> <./media/negative-sampling-loss.png> <./media/seq2seqrnn.png> <./media/beam-search.png> <./media/attention.png> <./media/comp-attention.png> <./media/attention-eq.png> <./media/key-query-value.png> <./media/transformer.png>] (./fnlp.aux) ) 
Here is how much of TeX's memory you used:
 6151 strings out of 476025
 100950 string characters out of 5790018
 1901388 words of memory out of 5000000
 26479 multiletter control sequences out of 15000+600000
 522596 words of font info for 58 fonts, out of 8000000 for 9000
 1141 hyphenation exceptions out of 8191
 57i,16n,62p,1241b,379s stack positions out of 10000i,1000n,20000p,200000b,200000s
</usr/local/texlive/2023/texmf-dist/fonts/type1/public/amsfonts/cm/cmbx6.pfb></usr/local/texlive/2023/texmf-dist/fonts/type1/public/amsfonts/cmextra/cmex7.pfb></usr/local/texlive/2023/texmf-dist/fonts/type1/public/amsfonts/cmextra/cmex8.pfb></usr/local/texlive/2023/texmf-dist/fonts/type1/public/amsfonts/cm/cmmi5.pfb></usr/local/texlive/2023/texmf-dist/fonts/type1/public/amsfonts/cm/cmmi6.pfb></usr/local/texlive/2023/texmf-dist/fonts/type1/public/amsfonts/cm/cmmi8.pfb></usr/local/texlive/2023/texmf-dist/fonts/type1/public/amsfonts/cm/cmr5.pfb></usr/local/texlive/2023/texmf-dist/fonts/type1/public/amsfonts/cm/cmr6.pfb></usr/local/texlive/2023/texmf-dist/fonts/type1/public/amsfonts/cm/cmr8.pfb></usr/local/texlive/2023/texmf-dist/fonts/type1/public/amsfonts/cm/cmsy5.pfb></usr/local/texlive/2023/texmf-dist/fonts/type1/public/amsfonts/cm/cmsy6.pfb></usr/local/texlive/2023/texmf-dist/fonts/type1/public/amsfonts/cm/cmsy8.pfb></usr/local/texlive/2023/texmf-dist/fonts/type1/public/amsfonts/symbols/msbm10.pfb></usr/local/texlive/2023/texmf-dist/fonts/type1/public/cm-super/sfbx0800.pfb></usr/local/texlive/2023/texmf-dist/fonts/type1/public/cm-super/sfbx1000.pfb></usr/local/texlive/2023/texmf-dist/fonts/type1/public/cm-super/sfrm0600.pfb></usr/local/texlive/2023/texmf-dist/fonts/type1/public/cm-super/sfrm0800.pfb></usr/local/texlive/2023/texmf-dist/fonts/type1/public/cm-super/sfti0800.pfb>
Output written on fnlp.pdf (5 pages, 5134331 bytes).
PDF statistics:
 203 PDF objects out of 1000 (max. 8388607)
 79 compressed objects within 1 object stream
 0 named destinations out of 1000 (max. 500000)
 229 words of extra memory for PDF output out of 10000 (max. 10000000)

